<?xml version="1.0" encoding="UTF-8"?>
<!-- Generated by org.testng.reporters.JUnitReportReporter -->
<testsuite hostname="LAPTOP-6DHJKUJ7" failures="0" tests="1" name="testng_parameters.Testng_Parameters" time="3.437" errors="0" timestamp="2022-07-03T17:54:23 EDT" skipped="0">
  <testcase classname="testng_parameters.Testng_Parameters" name="login" time="3.437"/>
  <system-out/>
</testsuite> <!-- testng_parameters.Testng_Parameters -->
